<?xml version="1.0" encoding="UTF-8"?>
<!-- Generated by org.testng.reporters.JUnitReportReporter -->
<testsuite hostname="Manan" failures="1" tests="1" name="execution.TestRunner" time="14.127" errors="0" timestamp="2025-03-02T08:13:33 IST" skipped="0">
  <testcase classname="execution.TestRunner" name="runScenario" time="14.127">
    <failure message="Test Case Failed expected [true] but found [false]" type="java.lang.AssertionError">
      <![CDATA[java.lang.AssertionError: Test Case Failed expected [true] but found [false]
at org.testng.Assert.fail(Assert.java:111)
at org.testng.Assert.failNotEquals(Assert.java:1578)
at org.testng.Assert.assertTrue(Assert.java:57)
at stepdefinitions.StepDefinition.step3(StepDefinition.java:41)
at ✽.check the success message(file:///C:/Users/leoga/eclipse-workspace/CucumberAutomation/src/test/java/featurefiles/Logintest.feature:7)
]]>
    </failure>
  </testcase> <!-- runScenario -->
</testsuite> <!-- execution.TestRunner -->
